#
# There is insufficient memory for the Java Runtime Environment to continue.
# Native memory allocation (malloc) failed to allocate 124816 bytes for Chunk::new
# Possible reasons:
#   The system is out of physical RAM or swap space
#   The process is running with CompressedOops enabled, and the Java Heap may be blocking the growth of the native heap
# Possible solutions:
#   Reduce memory load on the system
#   Increase physical memory or swap space
#   Check if swap backing store is full
#   Decrease Java heap size (-Xmx/-Xms)
#   Decrease number of Java threads
#   Decrease Java thread stack sizes (-Xss)
#   Set larger code cache with -XX:ReservedCodeCacheSize=
#   JVM is running with Unscaled Compressed Oops mode in which the Java heap is
#     placed in the first 4GB address space. The Java Heap base address is the
#     maximum limit for the native heap growth. Please use -XX:HeapBaseMinAddress
#     to set the Java Heap base and to place the Java Heap above 4GB virtual address.
# This output file may be truncated or incomplete.
#
#  Out of Memory Error (arena.cpp:197), pid=12700, tid=6824
#
# JRE version: OpenJDK Runtime Environment Microsoft-8035250 (11.0.20+8) (build 11.0.20+8-LTS)
# Java VM: OpenJDK 64-Bit Server VM Microsoft-8035250 (11.0.20+8-LTS, mixed mode, tiered, compressed oops, g1 gc, windows-amd64)
# No core dump will be written. Minidumps are not enabled by default on client versions of Windows
#

---------------  S U M M A R Y ------------

Command Line: -Xmx64m -Xms64m -Dorg.gradle.appname=gradlew org.gradle.wrapper.GradleWrapperMain tasks

Host: Intel(R) Core(TM) i7-4610M CPU @ 3.00GHz, 4 cores, 7G,  Windows 10 , 64 bit Build 19041 (10.0.19041.3570)
Time: Fri Nov 10 23:24:34 2023 Pakistan Standard Time elapsed time: 0.852548 seconds (0d 0h 0m 0s)

---------------  T H R E A D  ---------------

Current thread (0x000001b645bc2800):  JavaThread "C2 CompilerThread1" daemon [_thread_in_native, id=6824, stack(0x0000002221800000,0x0000002221900000)]


Current CompileTask:
C2:    852  549       4       java.lang.StringLatin1::replace (196 bytes)

Stack: [0x0000002221800000,0x0000002221900000]
Native frames: (J=compiled Java code, j=interpreted, Vv=VM code, C=native code)
V  [jvm.dll+0x62e9da]
V  [jvm.dll+0x7bc4e9]
V  [jvm.dll+0x7bdbd8]
V  [jvm.dll+0x7be2b3]
V  [jvm.dll+0x2505a8]
V  [jvm.dll+0xc263c]
V  [jvm.dll+0xc2bfc]
V  [jvm.dll+0x2c56a4]
V  [jvm.dll+0x536a1c]
V  [jvm.dll+0x211a7b]
V  [jvm.dll+0x20b6b4]
V  [jvm.dll+0x20881b]
V  [jvm.dll+0x18a7de]
V  [jvm.dll+0x2181ec]
V  [jvm.dll+0x21642b]
V  [jvm.dll+0x77efc0]
V  [jvm.dll+0x777db4]
V  [jvm.dll+0x62d845]
C  [ucrtbase.dll+0x21bb2]
C  [KERNEL32.DLL+0x17344]
C  [ntdll.dll+0x526b1]


---------------  P R O C E S S  ---------------

Threads class SMR info:
_java_thread_list=0x000001b645c0add0, length=11, elements={
0x000001b62b121000, 0x000001b645742000, 0x000001b645744000, 0x000001b6457a1800,
0x000001b6457a4000, 0x000001b6457a5800, 0x000001b6457a8000, 0x000001b645753800,
0x000001b64593c800, 0x000001b645a31800, 0x000001b645bc2800
}

Java Threads: ( => current thread )
  0x000001b62b121000 JavaThread "main" [_thread_in_native, id=12652, stack(0x0000002220700000,0x0000002220800000)]
  0x000001b645742000 JavaThread "Reference Handler" daemon [_thread_blocked, id=11536, stack(0x0000002220e00000,0x0000002220f00000)]
  0x000001b645744000 JavaThread "Finalizer" daemon [_thread_blocked, id=10328, stack(0x0000002220f00000,0x0000002221000000)]
  0x000001b6457a1800 JavaThread "Signal Dispatcher" daemon [_thread_blocked, id=13548, stack(0x0000002221000000,0x0000002221100000)]
  0x000001b6457a4000 JavaThread "Attach Listener" daemon [_thread_blocked, id=5828, stack(0x0000002221100000,0x0000002221200000)]
  0x000001b6457a5800 JavaThread "Service Thread" daemon [_thread_blocked, id=10152, stack(0x0000002221200000,0x0000002221300000)]
  0x000001b6457a8000 JavaThread "C2 CompilerThread0" daemon [_thread_blocked, id=13392, stack(0x0000002221300000,0x0000002221400000)]
  0x000001b645753800 JavaThread "C1 CompilerThread0" daemon [_thread_in_native, id=8304, stack(0x0000002221400000,0x0000002221500000)]
  0x000001b64593c800 JavaThread "Sweeper thread" daemon [_thread_blocked, id=1464, stack(0x0000002221500000,0x0000002221600000)]
  0x000001b645a31800 JavaThread "Common-Cleaner" daemon [_thread_blocked, id=13348, stack(0x0000002221700000,0x0000002221800000)]
=>0x000001b645bc2800 JavaThread "C2 CompilerThread1" daemon [_thread_in_native, id=6824, stack(0x0000002221800000,0x0000002221900000)]

Other Threads:
  0x000001b64572e000 VMThread "VM Thread" [stack: 0x0000002220d00000,0x0000002220e00000] [id=5388]
  0x000001b645a29000 WatcherThread [stack: 0x0000002221600000,0x0000002221700000] [id=7596]
  0x000001b62b138000 GCTaskThread "GC Thread#0" [stack: 0x0000002220800000,0x0000002220900000] [id=12536]
  0x000001b62b13f800 ConcurrentGCThread "G1 Main Marker" [stack: 0x0000002220900000,0x0000002220a00000] [id=13296]
  0x000001b62b141000 ConcurrentGCThread "G1 Conc#0" [stack: 0x0000002220a00000,0x0000002220b00000] [id=12844]
  0x000001b62b194800 ConcurrentGCThread "G1 Refine#0" [stack: 0x0000002220b00000,0x0000002220c00000] [id=13812]
  0x000001b62b195800 ConcurrentGCThread "G1 Young RemSet Sampling" [stack: 0x0000002220c00000,0x0000002220d00000] [id=6536]

Threads with active compile tasks:
C1 CompilerThread0      893  558       3       java.io.WinNTFileSystem::normalize (224 bytes)
C2 CompilerThread1      893  549       4       java.lang.StringLatin1::replace (196 bytes)

VM state:not at safepoint (normal execution)

VM Mutex/Monitor currently owned by a thread: None

Heap address: 0x00000000fc000000, size: 64 MB, Compressed Oops mode: 32-bit
Narrow klass base: 0x0000000000000000, Narrow klass shift: 3
Compressed class space size: 1073741824 Address: 0x0000000100000000

Heap:
 garbage-first heap   total 65536K, used 11264K [0x00000000fc000000, 0x0000000100000000)
  region size 1024K, 13 young (13312K), 0 survivors (0K)
 Metaspace       used 7542K, capacity 7717K, committed 7936K, reserved 1056768K
  class space    used 648K, capacity 718K, committed 768K, reserved 1048576K
Heap Regions: E=young(eden), S=young(survivor), O=old, HS=humongous(starts), HC=humongous(continues), CS=collection set, F=free, A=archive, TAMS=top-at-mark-start (previous, next)
|   0|0x00000000fc000000, 0x00000000fc000000, 0x00000000fc100000|  0%| F|  |TAMS 0x00000000fc000000, 0x00000000fc000000| Untracked 
|   1|0x00000000fc100000, 0x00000000fc100000, 0x00000000fc200000|  0%| F|  |TAMS 0x00000000fc100000, 0x00000000fc100000| Untracked 
|   2|0x00000000fc200000, 0x00000000fc200000, 0x00000000fc300000|  0%| F|  |TAMS 0x00000000fc200000, 0x00000000fc200000| Untracked 
|   3|0x00000000fc300000, 0x00000000fc300000, 0x00000000fc400000|  0%| F|  |TAMS 0x00000000fc300000, 0x00000000fc300000| Untracked 
|   4|0x00000000fc400000, 0x00000000fc400000, 0x00000000fc500000|  0%| F|  |TAMS 0x00000000fc400000, 0x00000000fc400000| Untracked 
|   5|0x00000000fc500000, 0x00000000fc500000, 0x00000000fc600000|  0%| F|  |TAMS 0x00000000fc500000, 0x00000000fc500000| Untracked 
|   6|0x00000000fc600000, 0x00000000fc600000, 0x00000000fc700000|  0%| F|  |TAMS 0x00000000fc600000, 0x00000000fc600000| Untracked 
|   7|0x00000000fc700000, 0x00000000fc700000, 0x00000000fc800000|  0%| F|  |TAMS 0x00000000fc700000, 0x00000000fc700000| Untracked 
|   8|0x00000000fc800000, 0x00000000fc800000, 0x00000000fc900000|  0%| F|  |TAMS 0x00000000fc800000, 0x00000000fc800000| Untracked 
|   9|0x00000000fc900000, 0x00000000fc900000, 0x00000000fca00000|  0%| F|  |TAMS 0x00000000fc900000, 0x00000000fc900000| Untracked 
|  10|0x00000000fca00000, 0x00000000fca00000, 0x00000000fcb00000|  0%| F|  |TAMS 0x00000000fca00000, 0x00000000fca00000| Untracked 
|  11|0x00000000fcb00000, 0x00000000fcb00000, 0x00000000fcc00000|  0%| F|  |TAMS 0x00000000fcb00000, 0x00000000fcb00000| Untracked 
|  12|0x00000000fcc00000, 0x00000000fcc00000, 0x00000000fcd00000|  0%| F|  |TAMS 0x00000000fcc00000, 0x00000000fcc00000| Untracked 
|  13|0x00000000fcd00000, 0x00000000fcd00000, 0x00000000fce00000|  0%| F|  |TAMS 0x00000000fcd00000, 0x00000000fcd00000| Untracked 
|  14|0x00000000fce00000, 0x00000000fce00000, 0x00000000fcf00000|  0%| F|  |TAMS 0x00000000fce00000, 0x00000000fce00000| Untracked 
|  15|0x00000000fcf00000, 0x00000000fcf00000, 0x00000000fd000000|  0%| F|  |TAMS 0x00000000fcf00000, 0x00000000fcf00000| Untracked 
|  16|0x00000000fd000000, 0x00000000fd000000, 0x00000000fd100000|  0%| F|  |TAMS 0x00000000fd000000, 0x00000000fd000000| Untracked 
|  17|0x00000000fd100000, 0x00000000fd100000, 0x00000000fd200000|  0%| F|  |TAMS 0x00000000fd100000, 0x00000000fd100000| Untracked 
|  18|0x00000000fd200000, 0x00000000fd200000, 0x00000000fd300000|  0%| F|  |TAMS 0x00000000fd200000, 0x00000000fd200000| Untracked 
|  19|0x00000000fd300000, 0x00000000fd300000, 0x00000000fd400000|  0%| F|  |TAMS 0x00000000fd300000, 0x00000000fd300000| Untracked 
|  20|0x00000000fd400000, 0x00000000fd400000, 0x00000000fd500000|  0%| F|  |TAMS 0x00000000fd400000, 0x00000000fd400000| Untracked 
|  21|0x00000000fd500000, 0x00000000fd500000, 0x00000000fd600000|  0%| F|  |TAMS 0x00000000fd500000, 0x00000000fd500000| Untracked 
|  22|0x00000000fd600000, 0x00000000fd600000, 0x00000000fd700000|  0%| F|  |TAMS 0x00000000fd600000, 0x00000000fd600000| Untracked 
|  23|0x00000000fd700000, 0x00000000fd700000, 0x00000000fd800000|  0%| F|  |TAMS 0x00000000fd700000, 0x00000000fd700000| Untracked 
|  24|0x00000000fd800000, 0x00000000fd800000, 0x00000000fd900000|  0%| F|  |TAMS 0x00000000fd800000, 0x00000000fd800000| Untracked 
|  25|0x00000000fd900000, 0x00000000fd900000, 0x00000000fda00000|  0%| F|  |TAMS 0x00000000fd900000, 0x00000000fd900000| Untracked 
|  26|0x00000000fda00000, 0x00000000fda00000, 0x00000000fdb00000|  0%| F|  |TAMS 0x00000000fda00000, 0x00000000fda00000| Untracked 
|  27|0x00000000fdb00000, 0x00000000fdb00000, 0x00000000fdc00000|  0%| F|  |TAMS 0x00000000fdb00000, 0x00000000fdb00000| Untracked 
|  28|0x00000000fdc00000, 0x00000000fdc00000, 0x00000000fdd00000|  0%| F|  |TAMS 0x00000000fdc00000, 0x00000000fdc00000| Untracked 
|  29|0x00000000fdd00000, 0x00000000fdd00000, 0x00000000fde00000|  0%| F|  |TAMS 0x00000000fdd00000, 0x00000000fdd00000| Untracked 
|  30|0x00000000fde00000, 0x00000000fde00000, 0x00000000fdf00000|  0%| F|  |TAMS 0x00000000fde00000, 0x00000000fde00000| Untracked 
|  31|0x00000000fdf00000, 0x00000000fdf00000, 0x00000000fe000000|  0%| F|  |TAMS 0x00000000fdf00000, 0x00000000fdf00000| Untracked 
|  32|0x00000000fe000000, 0x00000000fe000000, 0x00000000fe100000|  0%| F|  |TAMS 0x00000000fe000000, 0x00000000fe000000| Untracked 
|  33|0x00000000fe100000, 0x00000000fe100000, 0x00000000fe200000|  0%| F|  |TAMS 0x00000000fe100000, 0x00000000fe100000| Untracked 
|  34|0x00000000fe200000, 0x00000000fe200000, 0x00000000fe300000|  0%| F|  |TAMS 0x00000000fe200000, 0x00000000fe200000| Untracked 
|  35|0x00000000fe300000, 0x00000000fe300000, 0x00000000fe400000|  0%| F|  |TAMS 0x00000000fe300000, 0x00000000fe300000| Untracked 
|  36|0x00000000fe400000, 0x00000000fe400000, 0x00000000fe500000|  0%| F|  |TAMS 0x00000000fe400000, 0x00000000fe400000| Untracked 
|  37|0x00000000fe500000, 0x00000000fe500000, 0x00000000fe600000|  0%| F|  |TAMS 0x00000000fe500000, 0x00000000fe500000| Untracked 
|  38|0x00000000fe600000, 0x00000000fe600000, 0x00000000fe700000|  0%| F|  |TAMS 0x00000000fe600000, 0x00000000fe600000| Untracked 
|  39|0x00000000fe700000, 0x00000000fe700000, 0x00000000fe800000|  0%| F|  |TAMS 0x00000000fe700000, 0x00000000fe700000| Untracked 
|  40|0x00000000fe800000, 0x00000000fe800000, 0x00000000fe900000|  0%| F|  |TAMS 0x00000000fe800000, 0x00000000fe800000| Untracked 
|  41|0x00000000fe900000, 0x00000000fe900000, 0x00000000fea00000|  0%| F|  |TAMS 0x00000000fe900000, 0x00000000fe900000| Untracked 
|  42|0x00000000fea00000, 0x00000000fea00000, 0x00000000feb00000|  0%| F|  |TAMS 0x00000000fea00000, 0x00000000fea00000| Untracked 
|  43|0x00000000feb00000, 0x00000000feb00000, 0x00000000fec00000|  0%| F|  |TAMS 0x00000000feb00000, 0x00000000feb00000| Untracked 
|  44|0x00000000fec00000, 0x00000000fec00000, 0x00000000fed00000|  0%| F|  |TAMS 0x00000000fec00000, 0x00000000fec00000| Untracked 
|  45|0x00000000fed00000, 0x00000000fed00000, 0x00000000fee00000|  0%| F|  |TAMS 0x00000000fed00000, 0x00000000fed00000| Untracked 
|  46|0x00000000fee00000, 0x00000000fee00000, 0x00000000fef00000|  0%| F|  |TAMS 0x00000000fee00000, 0x00000000fee00000| Untracked 
|  47|0x00000000fef00000, 0x00000000fef00000, 0x00000000ff000000|  0%| F|  |TAMS 0x00000000fef00000, 0x00000000fef00000| Untracked 
|  48|0x00000000ff000000, 0x00000000ff000000, 0x00000000ff100000|  0%| F|  |TAMS 0x00000000ff000000, 0x00000000ff000000| Untracked 
|  49|0x00000000ff100000, 0x00000000ff100000, 0x00000000ff200000|  0%| F|  |TAMS 0x00000000ff100000, 0x00000000ff100000| Untracked 
|  50|0x00000000ff200000, 0x00000000ff200000, 0x00000000ff300000|  0%| F|  |TAMS 0x00000000ff200000, 0x00000000ff200000| Untracked 
|  51|0x00000000ff300000, 0x00000000ff400000, 0x00000000ff400000|100%| E|  |TAMS 0x00000000ff300000, 0x00000000ff300000| Complete 
|  52|0x00000000ff400000, 0x00000000ff500000, 0x00000000ff500000|100%| E|  |TAMS 0x00000000ff400000, 0x00000000ff400000| Complete 
|  53|0x00000000ff500000, 0x00000000ff600000, 0x00000000ff600000|100%| E|CS|TAMS 0x00000000ff500000, 0x00000000ff500000| Complete 
|  54|0x00000000ff600000, 0x00000000ff700000, 0x00000000ff700000|100%| E|CS|TAMS 0x00000000ff600000, 0x00000000ff600000| Complete 
|  55|0x00000000ff700000, 0x00000000ff800000, 0x00000000ff800000|100%| E|CS|TAMS 0x00000000ff700000, 0x00000000ff700000| Complete 
|  56|0x00000000ff800000, 0x00000000ff900000, 0x00000000ff900000|100%| E|CS|TAMS 0x00000000ff800000, 0x00000000ff800000| Complete 
|  57|0x00000000ff900000, 0x00000000ffa00000, 0x00000000ffa00000|100%| E|CS|TAMS 0x00000000ff900000, 0x00000000ff900000| Complete 
|  58|0x00000000ffa00000, 0x00000000ffb00000, 0x00000000ffb00000|100%| E|CS|TAMS 0x00000000ffa00000, 0x00000000ffa00000| Complete 
|  59|0x00000000ffb00000, 0x00000000ffc00000, 0x00000000ffc00000|100%| E|CS|TAMS 0x00000000ffb00000, 0x00000000ffb00000| Complete 
|  60|0x00000000ffc00000, 0x00000000ffd00000, 0x00000000ffd00000|100%| E|CS|TAMS 0x00000000ffc00000, 0x00000000ffc00000| Complete 
|  61|0x00000000ffd00000, 0x00000000ffe00000, 0x00000000ffe00000|100%| E|CS|TAMS 0x00000000ffd00000, 0x00000000ffd00000| Complete 
|  62|0x00000000ffe00000, 0x00000000fff00000, 0x00000000fff00000|100%| E|CS|TAMS 0x00000000ffe00000, 0x00000000ffe00000| Complete 
|  63|0x00000000fff00000, 0x0000000100000000, 0x0000000100000000|100%| E|CS|TAMS 0x00000000fff00000, 0x00000000fff00000| Complete 

Card table byte_map: [0x000001b62af20000,0x000001b62af40000] _byte_map_base: 0x000001b62a740000

Marking Bits (Prev, Next): (CMBitMap*) 0x000001b62b13ea38, (CMBitMap*) 0x000001b62b13ea70
 Prev Bits: [0x000001b62af60000, 0x000001b62b060000)
 Next Bits: [0x000001b6428a0000, 0x000001b6429a0000)

Polling page: 0x000001b629290000

Metaspace:

Usage:
  Non-class:      6.83 MB capacity,     6.73 MB ( 98%) used,    99.63 KB (  1%) free+waste,     5.63 KB ( <1%) overhead. 
      Class:    718.00 KB capacity,   648.69 KB ( 90%) used,    66.69 KB (  9%) free+waste,     2.63 KB ( <1%) overhead. 
       Both:      7.54 MB capacity,     7.37 MB ( 98%) used,   166.31 KB (  2%) free+waste,     8.25 KB ( <1%) overhead. 

Virtual space:
  Non-class space:        8.00 MB reserved,       7.00 MB ( 88%) committed 
      Class space:        1.00 GB reserved,     768.00 KB ( <1%) committed 
             Both:        1.01 GB reserved,       7.75 MB ( <1%) committed 

Chunk freelists:
   Non-Class:  41.00 KB
       Class:  18.00 KB
        Both:  59.00 KB

MaxMetaspaceSize: 17179869184.00 GB
CompressedClassSpaceSize: 1.00 GB
Initial GC threshold: 20.80 MB
Current GC threshold: 20.80 MB
CDS: off

CodeHeap 'non-profiled nmethods': size=120064Kb used=178Kb max_used=178Kb free=119886Kb
 bounds [0x000001b63b360000, 0x000001b63b5d0000, 0x000001b6428a0000]
CodeHeap 'profiled nmethods': size=120000Kb used=925Kb max_used=925Kb free=119075Kb
 bounds [0x000001b633e30000, 0x000001b6340a0000, 0x000001b63b360000]
CodeHeap 'non-nmethods': size=5696Kb used=1107Kb max_used=1123Kb free=4588Kb
 bounds [0x000001b6338a0000, 0x000001b633b10000, 0x000001b633e30000]
 total_blobs=911 nmethods=557 adapters=267
 compilation: enabled
              stopped_count=0, restarted_count=0
 full_count=0

Compilation events (20 events):
Event: 0.831 Thread 0x000001b645753800  542       3       java.lang.StringCoding::encodeUTF8 (132 bytes)
Event: 0.832 Thread 0x000001b645753800 nmethod 542 0x000001b633f08410 code [0x000001b633f08660, 0x000001b633f09068]
Event: 0.832 Thread 0x000001b645753800  543       3       jdk.internal.ref.PhantomCleanable::<init> (49 bytes)
Event: 0.833 Thread 0x000001b645753800 nmethod 543 0x000001b633f09390 code [0x000001b633f09600, 0x000001b633f0a0d8]
Event: 0.838 Thread 0x000001b645753800  544       1       java.util.zip.ZipEntry::getSize (5 bytes)
Event: 0.839 Thread 0x000001b645753800 nmethod 544 0x000001b63b38c210 code [0x000001b63b38c3c0, 0x000001b63b38c478]
Event: 0.839 Thread 0x000001b645753800  545       3       java.lang.String::toLowerCase (8 bytes)
Event: 0.840 Thread 0x000001b645753800 nmethod 545 0x000001b633f0a410 code [0x000001b633f0a600, 0x000001b633f0a978]
Event: 0.840 Thread 0x000001b645753800  546       3       java.util.Locale::getDefault (4 bytes)
Event: 0.840 Thread 0x000001b645753800 nmethod 546 0x000001b633f0aa90 code [0x000001b633f0ac40, 0x000001b633f0ad38]
Event: 0.840 Thread 0x000001b645753800  547       1       java.net.URLStreamHandler::getDefaultPort (2 bytes)
Event: 0.840 Thread 0x000001b645753800 nmethod 547 0x000001b63b38c510 code [0x000001b63b38c6c0, 0x000001b63b38c778]
Event: 0.840 Thread 0x000001b645753800  548       3       jdk.internal.misc.VM::isModuleSystemInited (13 bytes)
Event: 0.840 Thread 0x000001b645753800 nmethod 548 0x000001b633f0ad90 code [0x000001b633f0af40, 0x000001b633f0b0d8]
Event: 0.840 Thread 0x000001b645bc2800  549       4       java.lang.StringLatin1::replace (196 bytes)
Event: 0.848 Thread 0x000001b645753800  550       3       java.util.zip.ZipFile$Source$Key::hashCode (29 bytes)
Event: 0.849 Thread 0x000001b645753800 nmethod 550 0x000001b633f0b190 code [0x000001b633f0b3c0, 0x000001b633f0ba48]
Event: 0.849 Thread 0x000001b645753800  551       3       java.nio.file.attribute.FileTime::toMillis (98 bytes)
Event: 0.849 Thread 0x000001b645753800 nmethod 551 0x000001b633f0bd90 code [0x000001b633f0bf80, 0x000001b633f0c3e8]
Event: 0.849 Thread 0x000001b645753800  552       3       java.util.concurrent.TimeUnit::toMillis (69 bytes)

GC Heap History (0 events):
No events

Deoptimization events (20 events):
Event: 0.419 Thread 0x000001b62b121000 DEOPT PACKING pc=0x000001b633e6551b sp=0x00000022207fd0a0
Event: 0.419 Thread 0x000001b62b121000 DEOPT UNPACKING pc=0x000001b6338ea95e sp=0x00000022207fc510 mode 0
Event: 0.419 Thread 0x000001b62b121000 DEOPT PACKING pc=0x000001b633e906db sp=0x00000022207fd090
Event: 0.419 Thread 0x000001b62b121000 DEOPT UNPACKING pc=0x000001b6338ea95e sp=0x00000022207fc508 mode 0
Event: 0.423 Thread 0x000001b62b121000 DEOPT PACKING pc=0x000001b633e906db sp=0x00000022207fd090
Event: 0.423 Thread 0x000001b62b121000 DEOPT UNPACKING pc=0x000001b6338ea95e sp=0x00000022207fc508 mode 0
Event: 0.423 Thread 0x000001b62b121000 DEOPT PACKING pc=0x000001b633e906db sp=0x00000022207fd090
Event: 0.423 Thread 0x000001b62b121000 DEOPT UNPACKING pc=0x000001b6338ea95e sp=0x00000022207fc508 mode 0
Event: 0.485 Thread 0x000001b62b121000 DEOPT PACKING pc=0x000001b633e86408 sp=0x00000022207fd290
Event: 0.485 Thread 0x000001b62b121000 DEOPT UNPACKING pc=0x000001b6338ea95e sp=0x00000022207fc760 mode 0
Event: 0.674 Thread 0x000001b62b121000 Uncommon trap: trap_request=0xffffff4d fr.pc=0x000001b63b37aa28 relative=0x0000000000000088
Event: 0.674 Thread 0x000001b62b121000 Uncommon trap: reason=unstable_if action=reinterpret pc=0x000001b63b37aa28 method=java.util.regex.Pattern.append(II)V @ 6 c2
Event: 0.674 Thread 0x000001b62b121000 DEOPT PACKING pc=0x000001b63b37aa28 sp=0x00000022207fcd80
Event: 0.674 Thread 0x000001b62b121000 DEOPT UNPACKING pc=0x000001b6338ea1af sp=0x00000022207fccf8 mode 2
Event: 0.816 Thread 0x000001b62b121000 Uncommon trap: trap_request=0xffffffde fr.pc=0x000001b63b3889b8 relative=0x0000000000000f98
Event: 0.817 Thread 0x000001b62b121000 Uncommon trap: reason=class_check action=maybe_recompile pc=0x000001b63b3889b8 method=java.util.HashMap.putVal(ILjava/lang/Object;Ljava/lang/Object;ZZ)Ljava/lang/Object; @ 203 c2
Event: 0.817 Thread 0x000001b62b121000 DEOPT PACKING pc=0x000001b63b3889b8 sp=0x00000022207f9280
Event: 0.817 Thread 0x000001b62b121000 DEOPT UNPACKING pc=0x000001b6338ea1af sp=0x00000022207f9210 mode 2
Event: 0.840 Thread 0x000001b62b121000 DEOPT PACKING pc=0x000001b633e82b68 sp=0x00000022207f5ae0
Event: 0.840 Thread 0x000001b62b121000 DEOPT UNPACKING pc=0x000001b6338ea95e sp=0x00000022207f4fb0 mode 0

Classes redefined (0 events):
No events

Internal exceptions (3 events):
Event: 0.343 Thread 0x000001b62b121000 Exception <a 'java/lang/NoSuchMethodError'{0x00000000ffc523a0}: 'int java.lang.invoke.DirectMethodHandle$Holder.invokeStaticInit(java.lang.Object, java.lang.Object)'> (0x00000000ffc523a0) thrown at [s\src\hotspot\share\interpreter\linkResolver.cpp, line 773]
Event: 0.401 Thread 0x000001b62b121000 Exception <a 'java/lang/NoSuchMethodError'{0x00000000ffb26fc0}: 'int java.lang.invoke.DirectMethodHandle$Holder.invokeSpecial(java.lang.Object, java.lang.Object, java.lang.Object, java.lang.Object)'> (0x00000000ffb26fc0) thrown at [s\src\hotspot\share\interpreter\linkResolver.cpp, line 773]
Event: 0.410 Thread 0x000001b62b121000 Exception <a 'java/lang/NoSuchMethodError'{0x00000000ffb5f4e8}: 'int java.lang.invoke.DirectMethodHandle$Holder.invokeSpecialIFC(java.lang.Object, java.lang.Object, int)'> (0x00000000ffb5f4e8) thrown at [s\src\hotspot\share\interpreter\linkResolver.cpp, line 773]

Events (20 events):
Event: 0.743 loading class org/gradle/launcher/Main
Event: 0.743 loading class org/gradle/launcher/Main done
Event: 0.752 loading class java/io/BufferedReader
Event: 0.752 loading class java/io/BufferedReader done
Event: 0.752 loading class sun/nio/cs/StreamDecoder
Event: 0.752 loading class sun/nio/cs/StreamDecoder done
Event: 0.753 loading class java/util/LinkedList
Event: 0.753 loading class java/util/AbstractSequentialList
Event: 0.753 loading class java/util/AbstractSequentialList done
Event: 0.754 loading class java/util/LinkedList done
Event: 0.754 loading class java/util/LinkedList$Node
Event: 0.754 loading class java/util/LinkedList$Node done
Event: 0.763 loading class org/gradle/launcher/bootstrap/EntryPoint
Event: 0.763 loading class org/gradle/launcher/bootstrap/EntryPoint done
Event: 0.764 loading class org/gradle/launcher/bootstrap/ExecutionListener
Event: 0.764 loading class org/gradle/launcher/bootstrap/ExecutionListener done
Event: 0.767 loading class org/gradle/initialization/BuildClientMetaData
Event: 0.767 loading class org/gradle/initialization/BuildClientMetaData done
Event: 0.772 loading class org/gradle/api/logging/configuration/LoggingConfiguration
Event: 0.772 loading class org/gradle/api/logging/configuration/LoggingConfiguration done


Dynamic libraries:
0x00007ff7c53a0000 - 0x00007ff7c53ad000 	C:\Program Files\Microsoft\jdk-11.0.20.8-hotspot\bin\java.exe
0x00007ffb50a50000 - 0x00007ffb50c47000 	C:\Windows\SYSTEM32\ntdll.dll
0x00007ffb4fe50000 - 0x00007ffb4ff0d000 	C:\Windows\System32\KERNEL32.DLL
0x00007ffb4e5d0000 - 0x00007ffb4e8c6000 	C:\Windows\System32\KERNELBASE.dll
0x00007ffb4e2f0000 - 0x00007ffb4e3f0000 	C:\Windows\System32\ucrtbase.dll
0x00007ffb45180000 - 0x00007ffb45195000 	C:\Program Files\Microsoft\jdk-11.0.20.8-hotspot\bin\VCRUNTIME140.dll
0x00007ffb48250000 - 0x00007ffb48267000 	C:\Program Files\Microsoft\jdk-11.0.20.8-hotspot\bin\jli.dll
0x00007ffb4eb40000 - 0x00007ffb4ecde000 	C:\Windows\System32\USER32.dll
0x00007ffb4e920000 - 0x00007ffb4e942000 	C:\Windows\System32\win32u.dll
0x00007ffb3d990000 - 0x00007ffb3dc2a000 	C:\Windows\WinSxS\amd64_microsoft.windows.common-controls_6595b64144ccf1df_6.0.19041.3570_none_60bb2a3971f3e41a\COMCTL32.dll
0x00007ffb505b0000 - 0x00007ffb5064e000 	C:\Windows\System32\msvcrt.dll
0x00007ffb504d0000 - 0x00007ffb504fc000 	C:\Windows\System32\GDI32.dll
0x00007ffb4e130000 - 0x00007ffb4e24a000 	C:\Windows\System32\gdi32full.dll
0x00007ffb4e250000 - 0x00007ffb4e2ed000 	C:\Windows\System32\msvcp_win.dll
0x00007ffb50580000 - 0x00007ffb505b0000 	C:\Windows\System32\IMM32.DLL
0x00007ffb385f0000 - 0x00007ffb3868b000 	C:\Program Files\Microsoft\jdk-11.0.20.8-hotspot\bin\msvcp140.dll
0x00007ffb1c240000 - 0x00007ffb1cdd6000 	C:\Program Files\Microsoft\jdk-11.0.20.8-hotspot\bin\server\jvm.dll
0x00007ffb4f9d0000 - 0x00007ffb4fa7e000 	C:\Windows\System32\ADVAPI32.dll
0x00007ffb4fc20000 - 0x00007ffb4fcbc000 	C:\Windows\System32\sechost.dll
0x00007ffb4f740000 - 0x00007ffb4f866000 	C:\Windows\System32\RPCRT4.dll
0x00007ffb50040000 - 0x00007ffb50048000 	C:\Windows\System32\PSAPI.DLL
0x00007ffb45640000 - 0x00007ffb45649000 	C:\Windows\SYSTEM32\WSOCK32.dll
0x00007ffb4fa80000 - 0x00007ffb4faeb000 	C:\Windows\System32\WS2_32.dll
0x00007ffb3deb0000 - 0x00007ffb3ded7000 	C:\Windows\SYSTEM32\WINMM.dll
0x00007ffb410a0000 - 0x00007ffb410aa000 	C:\Windows\SYSTEM32\VERSION.dll
0x00007ffb4c950000 - 0x00007ffb4c962000 	C:\Windows\SYSTEM32\kernel.appcore.dll
0x00007ffb45400000 - 0x00007ffb45410000 	C:\Program Files\Microsoft\jdk-11.0.20.8-hotspot\bin\verify.dll
0x00007ffb39a70000 - 0x00007ffb39c54000 	C:\Windows\SYSTEM32\DBGHELP.DLL
0x00007ffb39730000 - 0x00007ffb39764000 	C:\Windows\SYSTEM32\dbgcore.DLL
0x00007ffb4e540000 - 0x00007ffb4e5c2000 	C:\Windows\System32\bcryptPrimitives.dll
0x00007ffb44fe0000 - 0x00007ffb45008000 	C:\Program Files\Microsoft\jdk-11.0.20.8-hotspot\bin\java.dll
0x00007ffb45210000 - 0x00007ffb4521a000 	C:\Program Files\Microsoft\jdk-11.0.20.8-hotspot\bin\jimage.dll
0x00007ffb41cc0000 - 0x00007ffb41cd8000 	C:\Program Files\Microsoft\jdk-11.0.20.8-hotspot\bin\zip.dll
0x00007ffb4ece0000 - 0x00007ffb4f424000 	C:\Windows\System32\SHELL32.dll
0x00007ffb4c1b0000 - 0x00007ffb4c94b000 	C:\Windows\SYSTEM32\windows.storage.dll
0x00007ffb506b0000 - 0x00007ffb50a04000 	C:\Windows\System32\combase.dll
0x00007ffb4db70000 - 0x00007ffb4db9d000 	C:\Windows\SYSTEM32\Wldp.dll
0x00007ffb4f4e0000 - 0x00007ffb4f58d000 	C:\Windows\System32\SHCORE.dll
0x00007ffb4fdf0000 - 0x00007ffb4fe45000 	C:\Windows\System32\shlwapi.dll
0x00007ffb4e060000 - 0x00007ffb4e085000 	C:\Windows\SYSTEM32\profapi.dll
0x00007ffb41ca0000 - 0x00007ffb41cb9000 	C:\Program Files\Microsoft\jdk-11.0.20.8-hotspot\bin\net.dll
0x00007ffb41fa0000 - 0x00007ffb420aa000 	C:\Windows\SYSTEM32\WINHTTP.dll
0x00007ffb4d8d0000 - 0x00007ffb4d93a000 	C:\Windows\system32\mswsock.dll
0x00007ffb41c70000 - 0x00007ffb41c83000 	C:\Program Files\Microsoft\jdk-11.0.20.8-hotspot\bin\nio.dll

dbghelp: loaded successfully - version: 4.0.5 - missing functions: none
symbol engine: initialized successfully - sym options: 0x614 - pdb path: .;C:\Program Files\Microsoft\jdk-11.0.20.8-hotspot\bin;C:\Windows\SYSTEM32;C:\Windows\WinSxS\amd64_microsoft.windows.common-controls_6595b64144ccf1df_6.0.19041.3570_none_60bb2a3971f3e41a;C:\Program Files\Microsoft\jdk-11.0.20.8-hotspot\bin\server

VM Arguments:
jvm_args: -Xmx64m -Xms64m -Dorg.gradle.appname=gradlew 
java_command: org.gradle.wrapper.GradleWrapperMain tasks
java_class_path (initial): C:\WebDeveloping BootCamp\SMIT ASSIGNMENTS\React Native Assignment\usingcli\android\\gradle\wrapper\gradle-wrapper.jar
Launcher Type: SUN_STANDARD

[Global flags]
     intx CICompilerCount                          = 3                                         {product} {ergonomic}
     uint ConcGCThreads                            = 1                                         {product} {ergonomic}
     uint G1ConcRefinementThreads                  = 4                                         {product} {ergonomic}
   size_t G1HeapRegionSize                         = 1048576                                   {product} {ergonomic}
    uintx GCDrainStackTargetSize                   = 64                                        {product} {ergonomic}
   size_t InitialHeapSize                          = 67108864                                  {product} {command line}
   size_t MarkStackSize                            = 4194304                                   {product} {ergonomic}
   size_t MaxHeapSize                              = 67108864                                  {product} {command line}
   size_t MaxNewSize                               = 39845888                                  {product} {ergonomic}
   size_t MinHeapDeltaBytes                        = 1048576                                   {product} {ergonomic}
    uintx NonNMethodCodeHeapSize                   = 5830732                                {pd product} {ergonomic}
    uintx NonProfiledCodeHeapSize                  = 122913754                              {pd product} {ergonomic}
    uintx ProfiledCodeHeapSize                     = 122913754                              {pd product} {ergonomic}
    uintx ReservedCodeCacheSize                    = 251658240                              {pd product} {ergonomic}
     bool SegmentedCodeCache                       = true                                      {product} {ergonomic}
     bool UseCompressedClassPointers               = true                                 {lp64_product} {ergonomic}
     bool UseCompressedOops                        = true                                 {lp64_product} {ergonomic}
     bool UseG1GC                                  = true                                      {product} {ergonomic}
     bool UseLargePagesIndividualAllocation        = false                                  {pd product} {ergonomic}

Logging:
Log output configuration:
 #0: stdout all=warning uptime,level,tags
 #1: stderr all=off uptime,level,tags

Environment Variables:
JAVA_HOME=C:\Program Files\Microsoft\jdk-11.0.20.8-hotspot\
CLASSPATH=C:\WebDeveloping BootCamp\SMIT ASSIGNMENTS\React Native Assignment\usingcli\android\\gradle\wrapper\gradle-wrapper.jar
PATH=C:\WebDeveloping BootCamp\SMIT ASSIGNMENTS\React Native Assignment\usingcli\node_modules\.bin;C:\WebDeveloping BootCamp\SMIT ASSIGNMENTS\React Native Assignment\usingcli\node_modules\.bin;C:\WebDeveloping BootCamp\SMIT ASSIGNMENTS\React Native Assignment\node_modules\.bin;C:\WebDeveloping BootCamp\SMIT ASSIGNMENTS\node_modules\.bin;C:\WebDeveloping BootCamp\node_modules\.bin;C:\node_modules\.bin;C:\Program Files\nodejs\node_modules\npm\node_modules\@npmcli\run-script\lib\node-gyp-bin;C:\Program Files\Common Files\Oracle\Java\javapath;C:\Program Files\Microsoft\jdk-11.0.20.8-hotspot\bin;C:\Python311\Scripts\;C:\Python311\;C:\Windows\system32;C:\Windows;C:\Windows\System32\Wbem;C:\Windows\System32\WindowsPowerShell\v1.0\;C:\Windows\System32\OpenSSH\;C:\ProgramData\chocolatey\bin;C:\Program Files (x86)\AMD\ATI.ACE\Core-Static;C:\Program Files\Git\cmd;C:\Program Files\Docker\Docker\resources\bin;C:\Program Files\nodejs\;C:\Users\Dell\AppData\Local\Microsoft\WindowsApps;C:\Users\Dell\AppData\Local\Programs\Microsoft VS Code\bin;C:\Users\Dell\AppData\Roaming\npm;C:\Users\Dell\AppData\Local\Android\Sdk\platform-tools;
USERNAME=Dell
LANG=en_US.UTF-8
OS=Windows_NT
PROCESSOR_IDENTIFIER=Intel64 Family 6 Model 60 Stepping 3, GenuineIntel
TMP=C:\Users\Dell\AppData\Local\Temp
TEMP=C:\Users\Dell\AppData\Local\Temp



---------------  S Y S T E M  ---------------

OS: Windows 10 , 64 bit Build 19041 (10.0.19041.3570)
OS uptime: 0 days 1:49 hours

CPU:total 4 (initial active 4) (2 cores per cpu, 2 threads per core) family 6 model 60 stepping 3 microcode 0x27, cmov, cx8, fxsr, mmx, sse, sse2, sse3, ssse3, sse4.1, sse4.2, popcnt, avx, avx2, aes, clmul, erms, lzcnt, ht, tsc, tscinvbit, bmi1, bmi2, fma

Memory: 4k page, system-wide physical 8097M (1063M free)
TotalPageFile size 11948M (AvailPageFile size 1M)
current process WorkingSet (physical memory assigned to process): 50M, peak: 50M
current process commit charge ("private bytes"): 136M, peak: 136M

vm_info: OpenJDK 64-Bit Server VM (11.0.20+8-LTS) for windows-amd64 JRE (11.0.20+8-LTS), built on Jul  7 2023 17:05:21 by "MicrosoftCorporation" with MS VC++ 15.9 (VS2017)

END.
